This is pdfTeX, Version 3.14159265-2.6-1.40.16 (TeX Live 2015) (preloaded format=pdflatex 2015.5.24)  14 JUN 2021 00:10
entering extended mode
 restricted \write18 enabled.
 file:line:error style messages enabled.
 %&-line parsing enabled.
**main.tex
(./main.tex
LaTeX2e <2015/01/01>
Babel <3.9l> and hyphenation patterns for 79 languages loaded.
(./mitthesis.cls
Document Class: mitthesis 1999/10/20
\vithesis=\count79
(/usr/local/texlive/2015/texmf-dist/tex/latex/base/report.cls
Document Class: report 2014/09/29 v1.4h Standard LaTeX document class
(/usr/local/texlive/2015/texmf-dist/tex/latex/base/size12.clo
File: size12.clo 2014/09/29 v1.4h Standard LaTeX file (size option)
)
\c@part=\count80
\c@chapter=\count81
\c@section=\count82
\c@subsection=\count83
\c@subsubsection=\count84
\c@paragraph=\count85
\c@subparagraph=\count86
\c@figure=\count87
\c@table=\count88
\abovecaptionskip=\skip41
\belowcaptionskip=\skip42
\bibindent=\dimen102
)
(/usr/local/texlive/2015/texmf-dist/tex/latex/setspace/setspace.sty
Package: setspace 2011/12/19 v6.7a set line spacing
)
Thesis document copyright MIT unless otherwise (manually) specified
\@titlesupervisor=\box26
\@abstractsupervisor=\box27
\c@savepage=\count89
) (./lgrind.sty
Package: lgrind 1997/01/30 v3.4 LGrind environment and supporting stuff
\lc@unt=\count90
\ln@xt=\count91
\LGnuminterval=\count92
\LGindent=\skip43
\LGsloppy=\skip44
\procbox=\box28
\ls@far=\box29
\tb@x=\box30
\TBw@d=\dimen103
\@ts=\dimen104
) (/usr/local/texlive/2015/texmf-dist/tex/latex/cmap/cmap.sty
Package: cmap 2008/03/06 v1.0h CMap support: searchable PDF
)
(/usr/local/texlive/2015/texmf-dist/tex/latex/base/fontenc.sty
Package: fontenc 2005/09/27 v1.99g Standard LaTeX package

(/usr/local/texlive/2015/texmf-dist/tex/latex/base/t1enc.def
File: t1enc.def 2005/09/27 v1.99g Standard LaTeX file
LaTeX Font Info:    Redeclaring font encoding T1 on input line 48.
)<<t1.cmap>>)
(/usr/local/texlive/2015/texmf-dist/tex/latex/carlisle/slashed.sty
Package: slashed 1997/01/16 v0.01 Feynman Slashed Character Notation (DPC)
)
(/usr/local/texlive/2015/texmf-dist/tex/latex/nomencl/nomencl.sty
Package: nomencl 2005/09/22 v4.2 Nomenclature package (LN)
\nomlabelwidth=\dimen105
\nom@tempdim=\dimen106
\nomitemsep=\skip45
)
(/usr/local/texlive/2015/texmf-dist/tex/latex/cite/cite.sty
LaTeX Info: Redefining \cite on input line 302.
LaTeX Info: Redefining \nocite on input line 332.
Package: cite 2015/02/27  v 5.5
)
(/usr/local/texlive/2015/texmf-dist/tex/latex/braket/braket.sty)
(/usr/local/texlive/2015/texmf-dist/tex/latex/graphics/graphicx.sty
Package: graphicx 2014/10/28 v1.0g Enhanced LaTeX Graphics (DPC,SPQR)

(/usr/local/texlive/2015/texmf-dist/tex/latex/graphics/keyval.sty
Package: keyval 2014/10/28 v1.15 key=value parser (DPC)
\KV@toks@=\toks14
)
(/usr/local/texlive/2015/texmf-dist/tex/latex/graphics/graphics.sty
Package: graphics 2014/10/28 v1.0p Standard LaTeX Graphics (DPC,SPQR)

(/usr/local/texlive/2015/texmf-dist/tex/latex/graphics/trig.sty
Package: trig 1999/03/16 v1.09 sin cos tan (DPC)
)
(/usr/local/texlive/2015/texmf-dist/tex/latex/latexconfig/graphics.cfg
File: graphics.cfg 2010/04/23 v1.9 graphics configuration of TeX Live
)
Package graphics Info: Driver file: pdftex.def on input line 94.

(/usr/local/texlive/2015/texmf-dist/tex/latex/pdftex-def/pdftex.def
File: pdftex.def 2011/05/27 v0.06d Graphics/color for pdfTeX

(/usr/local/texlive/2015/texmf-dist/tex/generic/oberdiek/infwarerr.sty
Package: infwarerr 2010/04/08 v1.3 Providing info/warning/error messages (HO)
)
(/usr/local/texlive/2015/texmf-dist/tex/generic/oberdiek/ltxcmds.sty
Package: ltxcmds 2011/11/09 v1.22 LaTeX kernel commands for general use (HO)
)
\Gread@gobject=\count93
))
\Gin@req@height=\dimen107
\Gin@req@width=\dimen108
)
(./main.aux (./cover.aux) (./contents.aux) (./chap1.aux) (./chap2.aux)
(./chap3.aux) (./chap4.aux) (./chap5.aux) (./chap6.aux) (./chap7.aux)
(./appa.aux) (./appb.aux) (./nomenclature.aux) (./biblio.aux))
\openout1 = `main.aux'.

LaTeX Font Info:    Checking defaults for OML/cmm/m/it on input line 56.
LaTeX Font Info:    ... okay on input line 56.
LaTeX Font Info:    Checking defaults for T1/cmr/m/n on input line 56.
LaTeX Font Info:    ... okay on input line 56.
LaTeX Font Info:    Checking defaults for OT1/cmr/m/n on input line 56.
LaTeX Font Info:    ... okay on input line 56.
LaTeX Font Info:    Checking defaults for OMS/cmsy/m/n on input line 56.
LaTeX Font Info:    ... okay on input line 56.
LaTeX Font Info:    Checking defaults for OMX/cmex/m/n on input line 56.
LaTeX Font Info:    ... okay on input line 56.
LaTeX Font Info:    Checking defaults for U/cmr/m/n on input line 56.
LaTeX Font Info:    ... okay on input line 56.

(/usr/local/texlive/2015/texmf-dist/tex/context/base/supp-pdf.mkii
[Loading MPS to PDF converter (version 2006.09.02).]
\scratchcounter=\count94
\scratchdimen=\dimen109
\scratchbox=\box31
\nofMPsegments=\count95
\nofMParguments=\count96
\everyMPshowfont=\toks15
\MPscratchCnt=\count97
\MPscratchDim=\dimen110
\MPnumerator=\count98
\makeMPintoPDFobject=\count99
\everyMPtoPDFconversion=\toks16
) (/usr/local/texlive/2015/texmf-dist/tex/generic/oberdiek/pdftexcmds.sty
Package: pdftexcmds 2011/11/29 v0.20 Utility functions of pdfTeX for LuaTeX (HO
)

(/usr/local/texlive/2015/texmf-dist/tex/generic/oberdiek/ifluatex.sty
Package: ifluatex 2010/03/01 v1.3 Provides the ifluatex switch (HO)
Package ifluatex Info: LuaTeX not detected.
)
(/usr/local/texlive/2015/texmf-dist/tex/generic/oberdiek/ifpdf.sty
Package: ifpdf 2011/01/30 v2.3 Provides the ifpdf switch (HO)
Package ifpdf Info: pdfTeX in PDF mode is detected.
)
Package pdftexcmds Info: LuaTeX not detected.
Package pdftexcmds Info: \pdf@primitive is available.
Package pdftexcmds Info: \pdf@ifprimitive is available.
Package pdftexcmds Info: \pdfdraftmode found.
)
(/usr/local/texlive/2015/texmf-dist/tex/latex/oberdiek/epstopdf-base.sty
Package: epstopdf-base 2010/02/09 v2.5 Base part for package epstopdf

(/usr/local/texlive/2015/texmf-dist/tex/latex/oberdiek/grfext.sty
Package: grfext 2010/08/19 v1.1 Manage graphics extensions (HO)

(/usr/local/texlive/2015/texmf-dist/tex/generic/oberdiek/kvdefinekeys.sty
Package: kvdefinekeys 2011/04/07 v1.3 Define keys (HO)
))
(/usr/local/texlive/2015/texmf-dist/tex/latex/oberdiek/kvoptions.sty
Package: kvoptions 2011/06/30 v3.11 Key value format for package options (HO)

(/usr/local/texlive/2015/texmf-dist/tex/generic/oberdiek/kvsetkeys.sty
Package: kvsetkeys 2012/04/25 v1.16 Key value parser (HO)

(/usr/local/texlive/2015/texmf-dist/tex/generic/oberdiek/etexcmds.sty
Package: etexcmds 2011/02/16 v1.5 Avoid name clashes with e-TeX commands (HO)
Package etexcmds Info: Could not find \expanded.
(etexcmds)             That can mean that you are not using pdfTeX 1.50 or
(etexcmds)             that some package has redefined \expanded.
(etexcmds)             In the latter case, load this package earlier.
)))
Package grfext Info: Graphics extension search list:
(grfext)             [.png,.pdf,.jpg,.mps,.jpeg,.jbig2,.jb2,.PNG,.PDF,.JPG,.JPE
G,.JBIG2,.JB2,.eps]
(grfext)             \AppendGraphicsExtensions on input line 452.

(/usr/local/texlive/2015/texmf-dist/tex/latex/latexconfig/epstopdf-sys.cfg
File: epstopdf-sys.cfg 2010/07/13 v1.3 Configuration of (r)epstopdf for TeX Liv
e
))
\openout2 = `cover.aux'.


(./cover.tex
LaTeX Font Info:    Try loading font information for OMS+cmr on input line 99.
 (/usr/local/texlive/2015/texmf-dist/tex/latex/base/omscmr.fd
File: omscmr.fd 2014/09/29 v2.5h Standard LaTeX font definitions
)
LaTeX Font Info:    Font shape `OMS/cmr/m/n' in size <14.4> not available
(Font)              Font shape `OMS/cmsy/m/n' tried instead on input line 99.
<<oms.cmap>> [1



{/usr/local/texlive/2015/texmf-var/fonts/map/pdftex/updmap/pdftex.map}] [2

] (./abstract.tex<<ot1.cmap>><<oml.cmap>>
LaTeX Font Info:    External font `cmex10' loaded for size
(Font)              <12> on input line 13.
<<omx.cmap>>
LaTeX Font Info:    External font `cmex10' loaded for size
(Font)              <8> on input line 13.
LaTeX Font Info:    External font `cmex10' loaded for size
(Font)              <6> on input line 13.
) [3

] [4

]) [5]
\openout2 = `contents.aux'.


(./contents.tex [6



] (./main.toc [7] [8] [9] [10] [11])
\tf@toc=\write3
\openout3 = `main.toc'.

 [12] (./main.lof
Underfull \vbox (badness 10000) has occurred while \output is active []

 [13

])
\tf@lof=\write4
\openout4 = `main.lof'.


[14] (./main.lot)
\tf@lot=\write5
\openout5 = `main.lot'.

) [15

]
\openout2 = `chap1.aux'.

 (./chap1.tex [16



]
Chapter 1.
<Figures/Chapter1/SMParticles.png, id=72, 642.4pt x 482.80376pt>
File: Figures/Chapter1/SMParticles.png Graphic file (type png)

<use Figures/Chapter1/SMParticles.png>
Package pdftex.def Info: Figures/Chapter1/SMParticles.png used on input line 17
.
(pdftex.def)             Requested size: 216.81pt x 162.94292pt.
 [17] [18 <./Figures/Chapter1/SMParticles.png>] <Figures/Chapter1/QCDCoupling.p
ng, id=81, 592.2125pt x 599.23875pt>
File: Figures/Chapter1/QCDCoupling.png Graphic file (type png)

<use Figures/Chapter1/QCDCoupling.png>
Package pdftex.def Info: Figures/Chapter1/QCDCoupling.png used on input line 64
.
(pdftex.def)             Requested size: 216.81pt x 219.38324pt.

Underfull \vbox (badness 10000) has occurred while \output is active []

 [19]
Underfull \vbox (badness 10000) has occurred while \output is active []

 [20 <./Figures/Chapter1/QCDCoupling.png>]
<Figures/Chapter1/QCDFactorizationTheorem.png, id=91, 1069.9975pt x 682.55pt>
File: Figures/Chapter1/QCDFactorizationTheorem.png Graphic file (type png)

<use Figures/Chapter1/QCDFactorizationTheorem.png>
Package pdftex.def Info: Figures/Chapter1/QCDFactorizationTheorem.png used on i
nput line 92.
(pdftex.def)             Requested size: 325.215pt x 207.45361pt.
 [21 <./Figures/Chapter1/QCDFactorizationTheorem.png>]
<Figures/Chapter1/FragCartoon.png, id=97, 384.4764pt x 195.6108pt>
File: Figures/Chapter1/FragCartoon.png Graphic file (type png)

<use Figures/Chapter1/FragCartoon.png>
Package pdftex.def Info: Figures/Chapter1/FragCartoon.png used on input line 11
3.
(pdftex.def)             Requested size: 208.13574pt x 105.89389pt.

<Figures/Chapter1/CoalCartoon.png, id=98, 362.3136pt x 166.7028pt>
File: Figures/Chapter1/CoalCartoon.png Graphic file (type png)

<use Figures/Chapter1/CoalCartoon.png>
Package pdftex.def Info: Figures/Chapter1/CoalCartoon.png used on input line 11
4.
(pdftex.def)             Requested size: 208.13574pt x 95.76433pt.

Underfull \vbox (badness 3482) has occurred while \output is active []

 [22]
<Figures/Chapter1/ManyBodyQCD.png, id=102, 794.97pt x 511.9125pt>
File: Figures/Chapter1/ManyBodyQCD.png Graphic file (type png)

<use Figures/Chapter1/ManyBodyQCD.png>
Package pdftex.def Info: Figures/Chapter1/ManyBodyQCD.png used on input line 12
7.
(pdftex.def)             Requested size: 303.53267pt x 195.4583pt.
 [23 <./Figures/Chapter1/FragCartoon.png> <./Figures/Chapter1/CoalCartoon.png> 
<./Figures/Chapter1/ManyBodyQCD.png>]
<Figures/Chapter1/ChiralTriangle.png, id=109, 392.46625pt x 235.88126pt>
File: Figures/Chapter1/ChiralTriangle.png Graphic file (type png)

<use Figures/Chapter1/ChiralTriangle.png>
Package pdftex.def Info: Figures/Chapter1/ChiralTriangle.png used on input line
 155.
(pdftex.def)             Requested size: 195.12767pt x 117.27806pt.
 [24] [25 <./Figures/Chapter1/ChiralTriangle.png>]
<Figures/Chapter1/ChiralScheme.png, id=119, 853.1875pt x 319.1925pt>
File: Figures/Chapter1/ChiralScheme.png Graphic file (type png)

<use Figures/Chapter1/ChiralScheme.png>
Package pdftex.def Info: Figures/Chapter1/ChiralScheme.png used on input line 2
04.
(pdftex.def)             Requested size: 303.53267pt x 113.56007pt.
 [26 <./Figures/Chapter1/ChiralScheme.png>]

LaTeX Warning: Citation `CornellEquation' on page 27 undefined on input line 22
3.


LaTeX Warning: Reference `QCDPotential' on page 27 undefined on input line 231.


[27] [28]
<Figures/Chapter1/WaterPhaseDiagram.png, id=130, 482.8589pt x 362.93835pt>
File: Figures/Chapter1/WaterPhaseDiagram.png Graphic file (type png)

<use Figures/Chapter1/WaterPhaseDiagram.png>
Package pdftex.def Info: Figures/Chapter1/WaterPhaseDiagram.png used on input l
ine 271.
(pdftex.def)             Requested size: 195.12767pt x 146.66801pt.
 [29 <./Figures/Chapter1/WaterPhaseDiagram.png>]
<Figures/Chapter1/QCDPhaseDiagram.png, id=135, 460.72125pt x 421.575pt>
File: Figures/Chapter1/QCDPhaseDiagram.png Graphic file (type png)

<use Figures/Chapter1/QCDPhaseDiagram.png>
Package pdftex.def Info: Figures/Chapter1/QCDPhaseDiagram.png used on input lin
e 282.
(pdftex.def)             Requested size: 195.12767pt x 178.54623pt.

<Figures/Chapter1/NuclearForce.png, id=136, 501.875pt x 395.4775pt>
File: Figures/Chapter1/NuclearForce.png Graphic file (type png)

<use Figures/Chapter1/NuclearForce.png>
Package pdftex.def Info: Figures/Chapter1/NuclearForce.png used on input line 2
94.
(pdftex.def)             Requested size: 195.12767pt x 153.76491pt.
 [30 <./Figures/Chapter1/QCDPhaseDiagram.png (PNG copy)>]
<Figures/Chapter1/EOSHadronGas.png, id=140, 501.875pt x 334.24875pt>
File: Figures/Chapter1/EOSHadronGas.png Graphic file (type png)

<use Figures/Chapter1/EOSHadronGas.png>
Package pdftex.def Info: Figures/Chapter1/EOSHadronGas.png used on input line 3
04.
(pdftex.def)             Requested size: 195.12767pt x 129.95866pt.
 [31 <./Figures/Chapter1/NuclearForce.png> <./Figures/Chapter1/EOSHadronGas.png
 (PNG copy)>] [32]

LaTeX Warning: Citation `STARBES' on page 33 undefined on input line 350.


Underfull \vbox (badness 10000) has occurred while \output is active []

 [33])
Underfull \vbox (badness 10000) has occurred while \output is active []

 [34]
Overfull \vbox (62.72849pt too high) has occurred while \output is active []


[35]
\openout2 = `chap2.aux'.

 (./chap2.tex [36



]
Chapter 2.
)
Underfull \vbox (badness 10000) has occurred while \output is active []

 [37]
Overfull \vbox (63.9571pt too high) has occurred while \output is active []


[38]
\openout2 = `chap3.aux'.

 (./chap3.tex
Chapter 3.
) [39



]
\openout2 = `chap4.aux'.

 (./chap4.tex [40



]
Chapter 4.
) [41]
\openout2 = `chap5.aux'.

 (./chap5.tex [42



]
Chapter 5.
LaTeX Font Info:    External font `cmex10' loaded for size
(Font)              <14.4> on input line 122.
LaTeX Font Info:    External font `cmex10' loaded for size
(Font)              <7> on input line 122.
)
Underfull \vbox (badness 10000) has occurred while \output is active []

 [43]
Overfull \vbox (1736.85637pt too high) has occurred while \output is active []


[44]
\openout2 = `chap6.aux'.

 (./chap6.tex
Chapter 6.
) [45



]
\openout2 = `chap7.aux'.

 (./chap7.tex [46



]
Chapter 7.
) [47]
\openout2 = `appa.aux'.

 (./appa.tex [48



]
Appendix A.
[49])
\openout2 = `appb.aux'.

 (./appb.tex [50




]
Appendix B.
[51] [52])
\openout2 = `nomenclature.aux'.

 (./nomenclature.tex
\@nomenclaturefile=\write6
\openout6 = `main.nlo'.


Writing nomenclature file main.nlo
(./main.nls [53




] [54

])) (./main.nls [55] [56

]) [57]
\openout2 = `biblio.aux'.

 (./biblio.tex [58



] [59]
[60] [61] [62]
No file main.bbl.
) [63] (./main.aux (./cover.aux) (./contents.aux) (./chap1.aux) (./chap2.aux)
(./chap3.aux) (./chap4.aux) (./chap5.aux) (./chap6.aux) (./chap7.aux)
(./appa.aux) (./appb.aux) (./nomenclature.aux) (./biblio.aux))

LaTeX Warning: There were undefined references.

 )
(\end occurred when \ifx on line 54 was incomplete) 
Here is how much of TeX's memory you used:
 2466 strings out of 493089
 33879 string characters out of 6134842
 92633 words of memory out of 5000000
 5748 multiletter control sequences out of 15000+600000
 16085 words of font info for 41 fonts, out of 8000000 for 9000
 1141 hyphenation exceptions out of 8191
 37i,7n,23p,1108b,263s stack positions out of 5000i,500n,10000p,200000b,80000s
{/usr/local/texlive/2015/tex
mf-dist/fonts/enc/dvips/cm-super/cm-super-t1.enc}</usr/local/texlive/2015/texmf
-dist/fonts/type1/public/amsfonts/cm/cmbx12.pfb></usr/local/texlive/2015/texmf-
dist/fonts/type1/public/amsfonts/cm/cmex10.pfb></usr/local/texlive/2015/texmf-d
ist/fonts/type1/public/amsfonts/cm/cmmi10.pfb></usr/local/texlive/2015/texmf-di
st/fonts/type1/public/amsfonts/cm/cmmi12.pfb></usr/local/texlive/2015/texmf-dis
t/fonts/type1/public/amsfonts/cm/cmmi6.pfb></usr/local/texlive/2015/texmf-dist/
fonts/type1/public/amsfonts/cm/cmmi8.pfb></usr/local/texlive/2015/texmf-dist/fo
nts/type1/public/amsfonts/cm/cmr10.pfb></usr/local/texlive/2015/texmf-dist/font
s/type1/public/amsfonts/cm/cmr12.pfb></usr/local/texlive/2015/texmf-dist/fonts/
type1/public/amsfonts/cm/cmr6.pfb></usr/local/texlive/2015/texmf-dist/fonts/typ
e1/public/amsfonts/cm/cmr8.pfb></usr/local/texlive/2015/texmf-dist/fonts/type1/
public/amsfonts/cm/cmsy10.pfb></usr/local/texlive/2015/texmf-dist/fonts/type1/p
ublic/amsfonts/cm/cmsy8.pfb></usr/local/texlive/2015/texmf-dist/fonts/type1/pub
lic/cm-super/sfbx1200.pfb></usr/local/texlive/2015/texmf-dist/fonts/type1/publi
c/cm-super/sfbx1440.pfb></usr/local/texlive/2015/texmf-dist/fonts/type1/public/
cm-super/sfbx1728.pfb></usr/local/texlive/2015/texmf-dist/fonts/type1/public/cm
-super/sfbx2488.pfb></usr/local/texlive/2015/texmf-dist/fonts/type1/public/cm-s
uper/sfrm1200.pfb></usr/local/texlive/2015/texmf-dist/fonts/type1/public/cm-sup
er/sfrm1440.pfb></usr/local/texlive/2015/texmf-dist/fonts/type1/public/cm-super
/sfrm1728.pfb>
Output written on main.pdf (63 pages, 1101995 bytes).
PDF statistics:
 313 PDF objects out of 1000 (max. 8388607)
 200 compressed objects within 2 object streams
 0 named destinations out of 1000 (max. 500000)
 81 words of extra memory for PDF output out of 10000 (max. 10000000)

